<?xml version="1.0" encoding="UTF-8"?>
<!-- Generated by org.testng.reporters.JUnitReportReporter -->
<testsuite hostname="VENKATANANDA" failures="0" tests="1" name="com.epharmaTestScript.PharmacyModule" time="0.010" errors="0" timestamp="2025-10-29T12:51:22 IST" skipped="0">
  <testcase classname="com.epharmaTestScript.PharmacyModule" name="orderMedicine" time="0.010">
    <system-out>
      <![CDATA[Medicienes has been ordered]]>
    </system-out>
  </testcase> <!-- orderMedicine -->
  <system-out>
    <![CDATA[Medicienes has been ordered]]>
  </system-out>
</testsuite> <!-- com.epharmaTestScript.PharmacyModule -->
