<?xml version="1.0" encoding="UTF-8"?>
<!-- Generated by org.testng.reporters.JUnitReportReporter -->
<testsuite hostname="VENKATANANDA" failures="0" tests="1" name="testngassignment.TestScript4" time="2.658" errors="0" timestamp="2025-04-30T23:06:35 IST" skipped="0">
  <testcase classname="testngassignment.TestScript4" name="clickOnGiftcards" time="2.658">
    <system-out>
      <![CDATA[Giftcards page is  Displayed]]>
    </system-out>
  </testcase> <!-- clickOnGiftcards -->
  <system-out>
    <![CDATA[Giftcards page is  Displayed
Computers page is Displayed
Books page is Displayed]]>
  </system-out>
</testsuite> <!-- testngassignment.TestScript4 -->
