<?xml version="1.0" encoding="UTF-8"?>
<!-- Generated by org.testng.reporters.JUnitReportReporter -->
<testsuite hostname="VENKATANANDA" failures="0" tests="1" name="testngassignment.TestScript2" time="2.612" errors="0" timestamp="2025-04-30T23:06:35 IST" skipped="0">
  <testcase classname="testngassignment.TestScript2" name="clickOnComputers" time="2.612">
    <system-out>
      <![CDATA[Computers page is Displayed]]>
    </system-out>
  </testcase> <!-- clickOnComputers -->
  <system-out>
    <![CDATA[Giftcards page is  Displayed
Computers page is Displayed
Books page is Displayed]]>
  </system-out>
</testsuite> <!-- testngassignment.TestScript2 -->
