<?xml version="1.0" encoding="UTF-8"?>
<!-- Generated by org.testng.reporters.JUnitReportReporter -->
<testsuite hostname="VENKATANANDA" failures="0" tests="1" name="assertion.ToLearnSoftAssert" time="5.460" errors="0" timestamp="2025-05-12T16:29:16 IST" skipped="0">
  <testcase classname="assertion.ToLearnSoftAssert" name="login" time="5.460">
    <system-out>
      <![CDATA[Login page is displayed]]>
    </system-out>
  </testcase> <!-- login -->
  <system-out>
    <![CDATA[Login page is displayed]]>
  </system-out>
</testsuite> <!-- assertion.ToLearnSoftAssert -->
