<?xml version="1.0" encoding="UTF-8"?>
<!-- Generated by org.testng.reporters.JUnitReportReporter -->
<testsuite hostname="VENKATANANDA" failures="0" tests="1" name="testngassignment.TestScript" time="3.764" errors="0" timestamp="2025-04-30T23:06:35 IST" skipped="0">
  <testcase classname="testngassignment.TestScript" name="clickOnBooks" time="3.764">
    <system-out>
      <![CDATA[Books page is Displayed]]>
    </system-out>
  </testcase> <!-- clickOnBooks -->
  <system-out>
    <![CDATA[Giftcards page is  Displayed
Computers page is Displayed
Books page is Displayed]]>
  </system-out>
</testsuite> <!-- testngassignment.TestScript -->
