<?xml version="1.0" encoding="UTF-8"?>
<!-- Generated by org.testng.reporters.JUnitReportReporter -->
<testsuite hostname="VENKATANANDA" failures="0" tests="1" name="testng.ConfigurationsAnnotations" time="0.004" errors="0" timestamp="2025-10-10T20:59:09 IST" skipped="0">
  <testcase classname="testng.ConfigurationsAnnotations" name="demo" time="0.004">
    <system-out>
      <![CDATA[@Test demo() executed]]>
    </system-out>
  </testcase> <!-- demo -->
  <system-out>
    <![CDATA[@Beforesuite
@BeforeTest
@Beforeclass
@Beforemethod
@Test demo() executed
@Aftermeethod
@Afterclass
@Aftertest
@aftersuite]]>
  </system-out>
</testsuite> <!-- testng.ConfigurationsAnnotations -->
