<?xml version="1.0" encoding="UTF-8"?>
<!-- Generated by org.testng.reporters.JUnitReportReporter -->
<testsuite hostname="VENKATANANDA" failures="0" tests="4" name="dataprovider.ToLearnDataProvider" time="7.943" errors="0" timestamp="2025-04-29T16:07:06 IST" skipped="0">
  <testcase classname="dataprovider.ToLearnDataProvider" name="login" time="1.880"/>
  <testcase classname="dataprovider.ToLearnDataProvider" name="login" time="1.689"/>
  <testcase classname="dataprovider.ToLearnDataProvider" name="login" time="1.733"/>
  <testcase classname="dataprovider.ToLearnDataProvider" name="login" time="2.641"/>
</testsuite> <!-- dataprovider.ToLearnDataProvider -->
