<?xml version="1.0" encoding="UTF-8"?>
<!-- Generated by org.testng.reporters.JUnitReportReporter -->
<testsuite hostname="VENKATANANDA" failures="0" tests="1" name="assertion.HardAssert" time="9.104" errors="0" timestamp="2025-10-03T01:29:39 IST" skipped="0">
  <testcase classname="assertion.HardAssert" name="login" time="9.104">
    <system-out>
      <![CDATA[Login page is displayed
Home page is displayed]]>
    </system-out>
  </testcase> <!-- login -->
  <system-out>
    <![CDATA[Login page is displayed
Home page is displayed]]>
  </system-out>
</testsuite> <!-- assertion.HardAssert -->
